<?xml version="1.0" encoding="UTF-8"?>
<testng-results ignored="0" total="1" passed="1" failed="0" skipped="0">
  <reporter-output>
  </reporter-output>
  <suite started-at="2022-08-19T18:08:08 IST" name="Suite" finished-at="2022-08-19T18:08:44 IST" duration-ms="35671">
    <groups>
    </groups>
    <test started-at="2022-08-19T18:08:08 IST" name="Test" finished-at="2022-08-19T18:08:44 IST" duration-ms="35671">
      <class name="com.test.Flipkart">
        <test-method is-config="true" signature="setUp()[pri:0, instance:com.test.Flipkart@f381794]" started-at="2022-08-19T18:08:08 IST" name="setUp" finished-at="2022-08-19T18:08:21 IST" duration-ms="13157" status="PASS">
          <reporter-output>
          </reporter-output>
        </test-method> <!-- setUp -->
        <test-method signature="sampleTest()[pri:0, instance:com.test.Flipkart@f381794]" started-at="2022-08-19T18:08:21 IST" name="sampleTest" finished-at="2022-08-19T18:08:43 IST" duration-ms="21851" status="PASS">
          <reporter-output>
          </reporter-output>
        </test-method> <!-- sampleTest -->
        <test-method is-config="true" signature="tearDown()[pri:0, instance:com.test.Flipkart@f381794]" started-at="2022-08-19T18:08:43 IST" name="tearDown" finished-at="2022-08-19T18:08:44 IST" duration-ms="615" status="PASS">
          <reporter-output>
          </reporter-output>
        </test-method> <!-- tearDown -->
      </class> <!-- com.test.Flipkart -->
    </test> <!-- Test -->
  </suite> <!-- Suite -->
</testng-results>
