<?xml version="1.0" encoding="UTF-8"?>
<testng-results ignored="0" total="1" passed="1" failed="0" skipped="0">
  <reporter-output>
  </reporter-output>
  <suite started-at="2022-08-19T14:05:32 IST" name="Default suite" finished-at="2022-08-19T14:06:11 IST" duration-ms="39750">
    <groups>
    </groups>
    <test started-at="2022-08-19T14:05:32 IST" name="Default test" finished-at="2022-08-19T14:06:11 IST" duration-ms="39750">
      <class name="com.test.Flipkart">
        <test-method is-config="true" signature="setUp()[pri:0, instance:com.test.Flipkart@4e096385]" started-at="2022-08-19T14:05:32 IST" name="setUp" finished-at="2022-08-19T14:05:48 IST" duration-ms="16870" status="PASS">
          <reporter-output>
          </reporter-output>
        </test-method> <!-- setUp -->
        <test-method signature="sampleTest()[pri:0, instance:com.test.Flipkart@4e096385]" started-at="2022-08-19T14:05:48 IST" name="sampleTest" finished-at="2022-08-19T14:06:11 IST" duration-ms="22270" status="PASS">
          <reporter-output>
          </reporter-output>
        </test-method> <!-- sampleTest -->
        <test-method is-config="true" signature="tearDown()[pri:0, instance:com.test.Flipkart@4e096385]" started-at="2022-08-19T14:06:11 IST" name="tearDown" finished-at="2022-08-19T14:06:11 IST" duration-ms="569" status="PASS">
          <reporter-output>
          </reporter-output>
        </test-method> <!-- tearDown -->
      </class> <!-- com.test.Flipkart -->
    </test> <!-- Default test -->
  </suite> <!-- Default suite -->
</testng-results>
